0 info it worked if it ends with ok
1 verbose cli [ '/home/rondeau/.nvm/versions/node/v6.3.0/bin/node',
1 verbose cli   '/home/rondeau/.nvm/versions/node/v6.3.0/bin/npm',
1 verbose cli   'start' ]
2 info using npm@3.10.3
3 info using node@v6.3.0
4 verbose run-script [ 'prestart', 'start', 'poststart' ]
5 info lifecycle ABMExampleNodeJs@0.0.0~prestart: ABMExampleNodeJs@0.0.0
6 silly lifecycle ABMExampleNodeJs@0.0.0~prestart: no script for prestart, continuing
7 info lifecycle ABMExampleNodeJs@0.0.0~start: ABMExampleNodeJs@0.0.0
8 verbose lifecycle ABMExampleNodeJs@0.0.0~start: unsafe-perm in lifecycle true
9 verbose lifecycle ABMExampleNodeJs@0.0.0~start: PATH: /home/rondeau/.nvm/versions/node/v6.3.0/lib/node_modules/npm/bin/node-gyp-bin:/home/rondeau/Proyectos Personales/NodeJs/ABMnodejs/ABMExampleNodeJs/node_modules/.bin:/home/rondeau/.nvm/versions/node/v6.3.0/bin:YOUR_PATH_TO_THE_MOZART_FOLDER/mozart/bin:/home/rondeau/.nvm/versions/node/v6.3.0/bin:/usr/local/maven/bin:/usr/lib/jvm/java-8-oracle/bin:/usr/local/sbin:/usr/local/bin:/usr/sbin:/usr/bin:/sbin:/bin:/usr/games:/usr/local/games:/snap/bin
10 verbose lifecycle ABMExampleNodeJs@0.0.0~start: CWD: /home/rondeau/Proyectos Personales/NodeJs/ABMnodejs/ABMExampleNodeJs
11 silly lifecycle ABMExampleNodeJs@0.0.0~start: Args: [ '-c', 'node ./bin/www' ]
12 silly lifecycle ABMExampleNodeJs@0.0.0~start: Returned: code: 1  signal: null
13 info lifecycle ABMExampleNodeJs@0.0.0~start: Failed to exec start script
14 verbose stack Error: ABMExampleNodeJs@0.0.0 start: `node ./bin/www`
14 verbose stack Exit status 1
14 verbose stack     at EventEmitter.<anonymous> (/home/rondeau/.nvm/versions/node/v6.3.0/lib/node_modules/npm/lib/utils/lifecycle.js:242:16)
14 verbose stack     at emitTwo (events.js:106:13)
14 verbose stack     at EventEmitter.emit (events.js:191:7)
14 verbose stack     at ChildProcess.<anonymous> (/home/rondeau/.nvm/versions/node/v6.3.0/lib/node_modules/npm/lib/utils/spawn.js:40:14)
14 verbose stack     at emitTwo (events.js:106:13)
14 verbose stack     at ChildProcess.emit (events.js:191:7)
14 verbose stack     at maybeClose (internal/child_process.js:852:16)
14 verbose stack     at Process.ChildProcess._handle.onexit (internal/child_process.js:215:5)
15 verbose pkgid ABMExampleNodeJs@0.0.0
16 verbose cwd /home/rondeau/Proyectos Personales/NodeJs/ABMnodejs/ABMExampleNodeJs
17 error Linux 4.4.0-66-generic
18 error argv "/home/rondeau/.nvm/versions/node/v6.3.0/bin/node" "/home/rondeau/.nvm/versions/node/v6.3.0/bin/npm" "start"
19 error node v6.3.0
20 error npm  v3.10.3
21 error code ELIFECYCLE
22 error ABMExampleNodeJs@0.0.0 start: `node ./bin/www`
22 error Exit status 1
23 error Failed at the ABMExampleNodeJs@0.0.0 start script 'node ./bin/www'.
23 error Make sure you have the latest version of node.js and npm installed.
23 error If you do, this is most likely a problem with the ABMExampleNodeJs package,
23 error not with npm itself.
23 error Tell the author that this fails on your system:
23 error     node ./bin/www
23 error You can get information on how to open an issue for this project with:
23 error     npm bugs ABMExampleNodeJs
23 error Or if that isn't available, you can get their info via:
23 error     npm owner ls ABMExampleNodeJs
23 error There is likely additional logging output above.
24 verbose exit [ 1, true ]
